<?xml version="1.0" encoding="UTF-8"?>
<!-- Generated by org.testng.reporters.JUnitXMLReporter -->
<testsuite ignored="0" hostname="HYDLPT1416" failures="0" tests="11" name="FREE CRM Test Cases" time="221.751" errors="0" timestamp="2021-08-16T22:00:45 IST">
  <testcase classname="com.crm.qa.testcases.LoginPageTest" name="loginPageTitleTest" time="0.013"/>
  <testcase classname="com.crm.qa.testcases.LoginPageTest" name="validateCRMImage" time="0.055"/>
  <testcase classname="com.crm.qa.testcases.LoginPageTest" name="loginTest" time="7.207"/>
  <testcase classname="com.crm.qa.testcases.HomePageTest" name="checkHomePageTitleTest" time="0.008"/>
  <testcase classname="com.crm.qa.testcases.HomePageTest" name="verifyUserNameLabelTest" time="0.083"/>
  <testcase classname="com.crm.qa.testcases.HomePageTest" name="clickOnContactsLinkTest" time="1.673"/>
  <testcase classname="com.crm.qa.testcases.HomePageTest" name="clickOnDealsLinkTest" time="1.268"/>
  <testcase classname="com.crm.qa.testcases.ContactsPageTest" name="validateCreateNewContactTest" time="9.596"/>
  <testcase classname="com.crm.qa.testcases.ContactsPageTest" name="validateCreateNewContactTest" time="9.419"/>
  <testcase classname="com.crm.qa.testcases.ContactsPageTest" name="validateCreateNewContactTest" time="9.262"/>
  <testcase classname="com.crm.qa.testcases.ContactsPageTest" name="validateCreateNewContactTest" time="9.608"/>
</testsuite> <!-- FREE CRM Test Cases -->
